<?xml version="1.0" encoding="UTF-8"?>
<coverage generated="1740335778621" clover="3.2.0">
  <project timestamp="1740335778621" name="All files">
    <metrics statements="10" coveredstatements="10" conditionals="5" coveredconditionals="5" methods="3" coveredmethods="3" elements="18" coveredelements="18" complexity="0" loc="10" ncloc="10" packages="1" files="1" classes="1"/>
    <file name="utils.ts" path="C:\Users\Kash\Desktop\eduplan\libs\common\src\auth\utils.ts">
      <metrics statements="10" coveredstatements="10" conditionals="5" coveredconditionals="5" methods="3" coveredmethods="3"/>
      <line num="1" count="1" type="stmt"/>
      <line num="2" count="1" type="stmt"/>
      <line num="4" count="1" type="cond" truecount="2" falsecount="0"/>
      <line num="5" count="1" type="cond" truecount="2" falsecount="0"/>
      <line num="7" count="1" type="cond" truecount="1" falsecount="0"/>
      <line num="8" count="9" type="stmt"/>
      <line num="11" count="1" type="stmt"/>
      <line num="12" count="3" type="stmt"/>
      <line num="15" count="1" type="stmt"/>
      <line num="16" count="3" type="stmt"/>
    </file>
  </project>
</coverage>
