{"C:\\Users\\Kash\\Desktop\\eduplan\\libs\\common\\src\\auth\\utils.ts": {"path":"C:\\Users\\Kash\\Desktop\\eduplan\\libs\\common\\src\\auth\\utils.ts","statementMap":{"0":{"start":{"line":7,"column":0},"end":{"line":7,"column":7}},"1":{"start":{"line":11,"column":0},"end":{"line":11,"column":7}},"2":{"start":{"line":1,"column":0},"end":{"line":1,"column":28}},"3":{"start":{"line":2,"column":0},"end":{"line":2,"column":31}},"4":{"start":{"line":4,"column":19},"end":{"line":4,"column":62}},"5":{"start":{"line":5,"column":23},"end":{"line":5,"column":57}},"6":{"start":{"line":8,"column":2},"end":{"line":8,"column":43}},"7":{"start":{"line":12,"column":2},"end":{"line":12,"column":40}},"8":{"start":{"line":15,"column":27},"end":{"line":17,"column":1}},"9":{"start":{"line":16,"column":2},"end":{"line":16,"column":70}},"10":{"start":{"line":15,"column":13},"end":{"line":15,"column":27}}},"fnMap":{"0":{"name":"hashPassword","decl":{"start":{"line":7,"column":22},"end":{"line":7,"column":34}},"loc":{"start":{"line":7,"column":76},"end":{"line":9,"column":1}}},"1":{"name":"verifyPassword","decl":{"start":{"line":11,"column":22},"end":{"line":11,"column":36}},"loc":{"start":{"line":11,"column":67},"end":{"line":13,"column":1}}},"2":{"name":"(anonymous_3)","decl":{"start":{"line":15,"column":27},"end":{"line":15,"column":28}},"loc":{"start":{"line":15,"column":68},"end":{"line":17,"column":1}}}},"branchMap":{"0":{"loc":{"start":{"line":4,"column":19},"end":{"line":4,"column":62}},"type":"binary-expr","locations":[{"start":{"line":4,"column":19},"end":{"line":4,"column":41}},{"start":{"line":4,"column":45},"end":{"line":4,"column":62}}]},"1":{"loc":{"start":{"line":5,"column":23},"end":{"line":5,"column":57}},"type":"binary-expr","locations":[{"start":{"line":5,"column":23},"end":{"line":5,"column":49}},{"start":{"line":5,"column":53},"end":{"line":5,"column":57}}]},"2":{"loc":{"start":{"line":7,"column":53},"end":{"line":7,"column":76}},"type":"default-arg","locations":[{"start":{"line":7,"column":74},"end":{"line":7,"column":76}}]}},"s":{"0":1,"1":1,"2":1,"3":1,"4":1,"5":1,"6":9,"7":3,"8":1,"9":3,"10":1},"f":{"0":9,"1":3,"2":3},"b":{"0":[1,1],"1":[1,1],"2":[9]}}
}
